[     -22ms] [ERROR] Failed to load resource: the server responded with a status of 999 () @ https://www.linkedin.com/in/carlotta-aurora-lupatelli/:0
[    2347ms] [WARNING] Element with id: dust-var-locale not found @ https://static.licdn.com/aero-v1/sc/h/7x6pq1mrezuu1kqm5misq5pje:1
[    2434ms] [WARNING] Canvas2D: Multiple readback operations using getImageData are faster with the willReadFrequently attribute set to true. See: https://html.spec.whatwg.org/multipage/canvas.html#concept-canvas-will-read-frequently @ https://static.licdn.com/aero-v1/sc/h/r4636jxhi1asyu21dii4uokg:1
[    2538ms] [WARNING] [GSI_LOGGER]: Your client application may not display the Google One Tap in its default position. When FedCM becomes mandatory, One Tap only displays in the default position. Refer to the migration guide to update your code accordingly and opt-in to FedCM to test your changes. Learn more: https://developers.google.com/identity/gsi/web/guides/fedcm-migration?s=dc#layout @ https://static.licdn.com/aero-v1/sc/h/29rdkxlvag0d3cpj96fiilbju:168
[    2538ms] [WARNING] [GSI_LOGGER]: Your client application uses one of the Google One Tap prompt UI status methods that may stop functioning when FedCM becomes mandatory. Refer to the migration guide to update your code accordingly and opt-in to FedCM to test your changes. Learn more: https://developers.google.com/identity/gsi/web/guides/fedcm-migration?s=dc#display_moment and https://developers.google.com/identity/gsi/web/guides/fedcm-migration?s=dc#skipped_moment @ https://static.licdn.com/aero-v1/sc/h/29rdkxlvag0d3cpj96fiilbju:168
[    2539ms] [WARNING] [GSI_LOGGER]: Currently, you disable FedCM on Google One Tap. FedCM for One Tap will become mandatory starting Oct 2024, and you won’t be able to disable it. Refer to the migration guide to update your code accordingly to ensure users will not be blocked from logging in. Learn more: https://developers.google.com/identity/gsi/web/guides/fedcm-migration @ https://static.licdn.com/aero-v1/sc/h/29rdkxlvag0d3cpj96fiilbju:168
[    2542ms] [WARNING] [GSI_LOGGER]: Currently, you disable FedCM on Google One Tap. FedCM for One Tap will become mandatory starting Oct 2024, and you won’t be able to disable it. Refer to the migration guide to update your code accordingly to ensure users will not be blocked from logging in. Learn more: https://developers.google.com/identity/gsi/web/guides/fedcm-migration @ https://static.licdn.com/aero-v1/sc/h/29rdkxlvag0d3cpj96fiilbju:168
[    2942ms] [WARNING] Canvas2D: Multiple readback operations using getImageData are faster with the willReadFrequently attribute set to true. See: https://html.spec.whatwg.org/multipage/canvas.html#concept-canvas-will-read-frequently @ https://static.licdn.com/aero-v1/sc/h/r4636jxhi1asyu21dii4uokg:1
[    2966ms] [WARNING] Canvas2D: Multiple readback operations using getImageData are faster with the willReadFrequently attribute set to true. See: https://html.spec.whatwg.org/multipage/canvas.html#concept-canvas-will-read-frequently @ https://static.licdn.com/aero-v1/sc/h/r4636jxhi1asyu21dii4uokg:1
[    4966ms] Uncaught TypeError: Cannot read properties of undefined (reading 'classList')
    at value (https://static.licdn.com/aero-v1/sc/h/kkand7xwm7a1fe02zqtejtau:0:288906)
    at value (https://static.licdn.com/aero-v1/sc/h/kkand7xwm7a1fe02zqtejtau:0:288233)
    at <anonymous> (https://static.licdn.com/aero-v1/sc/h/kkand7xwm7a1fe02zqtejtau:0:287902)
    at value (https://static.licdn.com/aero-v1/sc/h/kkand7xwm7a1fe02zqtejtau:0:283681)
    at <anonymous> (https://static.licdn.com/aero-v1/sc/h/kkand7xwm7a1fe02zqtejtau:0:280101)
[    4968ms] Uncaught TypeError: Cannot read properties of null (reading 'name')
    at <anonymous> (https://static.licdn.com/aero-v1/sc/h/kkand7xwm7a1fe02zqtejtau:0:291013)
    at value (https://static.licdn.com/aero-v1/sc/h/kkand7xwm7a1fe02zqtejtau:0:283681)
    at <anonymous> (https://static.licdn.com/aero-v1/sc/h/kkand7xwm7a1fe02zqtejtau:0:280101)
[    4911ms] [ERROR] Unable to complete loading container tag TypeError: Cannot set properties of undefined (setting 'onLoadRulesRunOnce')
    at https://static.licdn.com/aero-v1/sc/h/7x6pq1mrezuu1kqm5misq5pje:2:353212
    at https://static.licdn.com/aero-v1/sc/h/7x6pq1mrezuu1kqm5misq5pje:2:353341 @ https://static.licdn.com/aero-v1/sc/h/7x6pq1mrezuu1kqm5misq5pje:1
[    5024ms] Uncaught (in promise) undefined
    at <anonymous> (https://static.licdn.com/aero-v1/sc/h/7x6pq1mrezuu1kqm5misq5pje:1:353647)
[    6359ms] Uncaught (in promise) TypeError: Cannot read properties of undefined (reading 'onLoadRulesRunOnce')
    at zu (https://static.licdn.com/aero-v1/sc/h/7x6pq1mrezuu1kqm5misq5pje:1:347565)
    at Xu (https://static.licdn.com/aero-v1/sc/h/7x6pq1mrezuu1kqm5misq5pje:1:348047)
    at _processQueuedEvents (https://static.licdn.com/aero-v1/sc/h/7x6pq1mrezuu1kqm5misq5pje:1:354355)
    at <anonymous> (https://static.licdn.com/aero-v1/sc/h/7x6pq1mrezuu1kqm5misq5pje:1:355977)
